<?xml version="1.0" encoding="UTF-8"?>
<!-- Generated by org.testng.reporters.JUnitReportReporter -->
<testsuite hostname="RAJA" failures="0" tests="1" name="com.ibank.Testcases.TC_LoginTest_001" time="2.902" errors="0" timestamp="2022-04-28T17:13:09 CDT" skipped="0">
  <testcase classname="com.ibank.Testcases.TC_LoginTest_001" name="Logintest" time="2.902"/>
</testsuite> <!-- com.ibank.Testcases.TC_LoginTest_001 -->
